2026-02-01T15:47:51.916Z - User=697f6aa05cca8a75e62a85bf, Search=""
2026-02-01T15:47:52.062Z - Fetching Recent Conversations...
2026-02-01T15:47:52.127Z - Found 0 conversations
2026-02-01T15:47:55.368Z - User=697f6aa05cca8a75e62a85bf, Search="a"
2026-02-01T15:47:55.371Z - Executing Search...
2026-02-01T15:47:55.432Z - Found 6 users matching search
2026-02-01T15:48:00.564Z - User=697f6aa05cca8a75e62a85bf, Search="an"
2026-02-01T15:48:00.566Z - Executing Search...
2026-02-01T15:48:00.617Z - Found 3 users matching search
2026-02-01T15:48:03.400Z - User=697f6aa05cca8a75e62a85bf, Search="ans"
2026-02-01T15:48:03.545Z - Executing Search...
2026-02-01T15:48:03.587Z - Found 0 users matching search
2026-02-01T15:49:19.446Z - User=697f6afa1a2604b77f5710e1, Search=""
2026-02-01T15:49:19.448Z - Fetching Recent Conversations...
2026-02-01T15:49:19.521Z - Found 3 conversations
2026-02-01T15:50:03.599Z - User=697f6afa1a2604b77f5710e1, Search=""
2026-02-01T15:50:03.600Z - Fetching Recent Conversations...
2026-02-01T15:50:03.645Z - Found 3 conversations
2026-02-01T15:50:06.131Z - User=697f6afa1a2604b77f5710e1, Search="A"
2026-02-01T15:50:06.133Z - Executing Search...
2026-02-01T15:50:06.178Z - Found 6 users matching search
2026-02-01T15:50:06.949Z - User=697f6afa1a2604b77f5710e1, Search="An"
2026-02-01T15:50:06.950Z - Executing Search...
2026-02-01T15:50:06.996Z - Found 3 users matching search
2026-02-01T15:50:08.586Z - User=697f6afa1a2604b77f5710e1, Search="Ans"
2026-02-01T15:50:08.587Z - Executing Search...
2026-02-01T15:50:08.630Z - Found 0 users matching search
2026-02-01T15:50:09.107Z - User=697f6afa1a2604b77f5710e1, Search="Ansu"
2026-02-01T15:50:09.108Z - Executing Search...
2026-02-01T15:50:09.151Z - Found 0 users matching search
2026-02-01T15:50:12.898Z - User=697f6afa1a2604b77f5710e1, Search="Ans"
2026-02-01T15:50:12.900Z - Executing Search...
2026-02-01T15:50:12.943Z - Found 0 users matching search
2026-02-01T15:50:19.098Z - User=697f6afa1a2604b77f5710e1, Search=""
2026-02-01T15:50:19.099Z - Fetching Recent Conversations...
2026-02-01T15:50:19.143Z - Found 3 conversations
2026-02-01T15:50:21.650Z - User=697f6aa05cca8a75e62a85bf, Search=""
2026-02-01T15:50:21.652Z - Fetching Recent Conversations...
2026-02-01T15:50:21.700Z - Found 0 conversations
2026-02-01T15:50:27.035Z - User=697f6aa05cca8a75e62a85bf, Search="ans"
2026-02-01T15:50:27.037Z - Executing Search...
2026-02-01T15:50:27.092Z - Found 0 users matching search
2026-02-01T15:50:28.625Z - User=697f6aa05cca8a75e62a85bf, Search="ansu"
2026-02-01T15:50:28.626Z - Executing Search...
2026-02-01T15:50:28.673Z - Found 0 users matching search
2026-02-01T15:50:29.981Z - User=697f6aa05cca8a75e62a85bf, Search=""
2026-02-01T15:50:29.982Z - Fetching Recent Conversations...
2026-02-01T15:50:30.024Z - Found 0 conversations
2026-02-01T15:50:32.060Z - User=697f6aa05cca8a75e62a85bf, Search="jophin"
2026-02-01T15:50:32.061Z - Executing Search...
2026-02-01T15:50:32.107Z - Found 1 users matching search
2026-02-01T15:50:35.133Z - User=697f6aa05cca8a75e62a85bf, Search="joph"
2026-02-01T15:50:35.134Z - Executing Search...
2026-02-01T15:50:35.186Z - Found 1 users matching search
2026-02-01T15:50:37.047Z - User=697f6aa05cca8a75e62a85bf, Search=""
2026-02-01T15:50:37.048Z - Fetching Recent Conversations...
2026-02-01T15:50:37.090Z - Found 0 conversations
2026-02-01T15:50:44.934Z - User=697f6aa05cca8a75e62a85bf, Search="sux"
2026-02-01T15:50:44.935Z - Executing Search...
2026-02-01T15:50:44.979Z - Found 0 users matching search
2026-02-01T15:50:45.560Z - User=697f6aa05cca8a75e62a85bf, Search="su"
2026-02-01T15:50:45.561Z - Executing Search...
2026-02-01T15:50:45.608Z - Found 3 users matching search
2026-02-01T15:50:46.284Z - User=697f6aa05cca8a75e62a85bf, Search="suz"
2026-02-01T15:50:46.383Z - Executing Search...
2026-02-01T15:50:46.426Z - Found 2 users matching search
2026-02-01T15:50:48.249Z - User=697f6aa05cca8a75e62a85bf, Search="suza"
2026-02-01T15:50:48.250Z - Executing Search...
2026-02-01T15:50:48.295Z - Found 2 users matching search
2026-02-01T15:50:53.879Z - User=697f6aa05cca8a75e62a85bf, Search=""
2026-02-01T15:50:53.880Z - Fetching Recent Conversations...
2026-02-01T15:50:53.927Z - Found 0 conversations
2026-02-01T15:50:56.499Z - User=697f6aa05cca8a75e62a85bf, Search="ann"
2026-02-01T15:50:56.499Z - Executing Search...
2026-02-01T15:50:56.546Z - Found 3 users matching search
2026-02-01T15:51:00.443Z - User=697f6aa05cca8a75e62a85bf, Search=""
2026-02-01T15:51:00.444Z - Fetching Recent Conversations...
2026-02-01T15:51:00.489Z - Found 0 conversations
2026-02-01T15:51:33.081Z - User=697f6aa05cca8a75e62a85bf, Search=""
2026-02-01T15:51:33.082Z - Fetching Recent Conversations...
2026-02-01T15:51:33.138Z - Found 1 conversations
2026-02-01T15:51:38.783Z - User=697f6aa05cca8a75e62a85bf, Search="jophin"
2026-02-01T15:51:38.788Z - Executing Search...
2026-02-01T15:51:38.838Z - Found 1 users matching search
2026-02-01T15:51:46.625Z - User=697f6aa05cca8a75e62a85bf, Search=""
2026-02-01T15:51:46.625Z - Fetching Recent Conversations...
2026-02-01T15:51:46.670Z - Found 2 conversations
2026-02-01T15:51:58.704Z - User=697f6afa1a2604b77f5710e1, Search=""
2026-02-01T15:51:58.704Z - Fetching Recent Conversations...
2026-02-01T15:51:58.927Z - Found 3 conversations
2026-02-01T15:51:59.061Z - User=697f6aa05cca8a75e62a85bf, Search=""
2026-02-01T15:51:59.062Z - Fetching Recent Conversations...
2026-02-01T15:51:59.105Z - Found 2 conversations
2026-02-01T15:52:00.075Z - User=697f699c641fcad1c8eaa841, Search=""
2026-02-01T15:52:00.076Z - Fetching Recent Conversations...
2026-02-01T15:52:00.119Z - Found 2 conversations
2026-02-01T15:52:22.364Z - User=697f6aa05cca8a75e62a85bf, Search=""
2026-02-01T15:52:22.364Z - Fetching Recent Conversations...
2026-02-01T15:52:22.412Z - Found 2 conversations
2026-02-01T15:52:24.772Z - User=697f6aa05cca8a75e62a85bf, Search=""
2026-02-01T15:52:24.773Z - Fetching Recent Conversations...
2026-02-01T15:52:24.818Z - Found 2 conversations
2026-02-01T15:52:28.462Z - User=697f6aa05cca8a75e62a85bf, Search=""
2026-02-01T15:52:28.463Z - Fetching Recent Conversations...
2026-02-01T15:52:28.511Z - Found 2 conversations
2026-02-01T15:52:29.605Z - User=697f6aa05cca8a75e62a85bf, Search=""
2026-02-01T15:52:29.606Z - Fetching Recent Conversations...
2026-02-01T15:52:29.655Z - Found 2 conversations
2026-02-01T15:52:30.914Z - User=697f6aa05cca8a75e62a85bf, Search=""
2026-02-01T15:52:30.914Z - Fetching Recent Conversations...
2026-02-01T15:52:30.960Z - Found 2 conversations
2026-02-01T15:52:32.649Z - User=697f6aa05cca8a75e62a85bf, Search=""
2026-02-01T15:52:32.651Z - Fetching Recent Conversations...
2026-02-01T15:52:32.697Z - Found 2 conversations
2026-02-01T15:52:36.015Z - User=697f6aa05cca8a75e62a85bf, Search=""
2026-02-01T15:52:36.017Z - Fetching Recent Conversations...
2026-02-01T15:52:36.073Z - Found 2 conversations
2026-02-01T15:52:38.378Z - User=697f6aa05cca8a75e62a85bf, Search=""
2026-02-01T15:52:38.380Z - Fetching Recent Conversations...
2026-02-01T15:52:38.426Z - Found 2 conversations
2026-02-01T15:52:39.999Z - User=697f6aa05cca8a75e62a85bf, Search=""
2026-02-01T15:52:40.001Z - Fetching Recent Conversations...
2026-02-01T15:52:40.054Z - Found 2 conversations
2026-02-01T15:52:42.068Z - User=697f6aa05cca8a75e62a85bf, Search=""
2026-02-01T15:52:42.073Z - Fetching Recent Conversations...
2026-02-01T15:52:42.121Z - Found 2 conversations
2026-02-01T15:52:43.581Z - User=697f6aa05cca8a75e62a85bf, Search=""
2026-02-01T15:52:43.582Z - Fetching Recent Conversations...
2026-02-01T15:52:43.634Z - Found 2 conversations
2026-02-01T15:52:45.544Z - User=697f6aa05cca8a75e62a85bf, Search=""
2026-02-01T15:52:45.548Z - Fetching Recent Conversations...
2026-02-01T15:52:45.612Z - Found 2 conversations
2026-02-01T15:52:47.470Z - User=697f6afa1a2604b77f5710e1, Search=""
2026-02-01T15:52:47.472Z - Fetching Recent Conversations...
2026-02-01T15:52:47.536Z - Found 3 conversations
2026-02-01T15:52:50.482Z - User=697f6afa1a2604b77f5710e1, Search=""
2026-02-01T15:52:50.484Z - Fetching Recent Conversations...
2026-02-01T15:52:50.531Z - Found 3 conversations
2026-02-01T15:52:53.965Z - User=697f6afa1a2604b77f5710e1, Search=""
2026-02-01T15:52:53.965Z - Fetching Recent Conversations...
2026-02-01T15:52:54.020Z - Found 3 conversations
2026-02-01T15:52:54.987Z - User=697f6afa1a2604b77f5710e1, Search=""
2026-02-01T15:52:54.988Z - Fetching Recent Conversations...
2026-02-01T15:52:55.035Z - Found 3 conversations
2026-02-01T15:52:55.907Z - User=697f6afa1a2604b77f5710e1, Search=""
2026-02-01T15:52:55.908Z - Fetching Recent Conversations...
2026-02-01T15:52:55.956Z - Found 3 conversations
2026-02-01T15:54:10.103Z - User=697f6aa05cca8a75e62a85bf, Search=""
2026-02-01T15:54:10.104Z - Fetching Recent Conversations...
2026-02-01T15:54:10.148Z - Found 2 conversations
2026-02-01T15:54:10.409Z - User=697f699c641fcad1c8eaa841, Search=""
2026-02-01T15:54:10.409Z - Fetching Recent Conversations...
2026-02-01T15:54:10.450Z - Found 2 conversations
2026-02-01T15:54:22.208Z - User=697f6afa1a2604b77f5710e1, Search=""
2026-02-01T15:54:22.209Z - Fetching Recent Conversations...
2026-02-01T15:54:22.254Z - Found 3 conversations
2026-02-01T15:54:22.351Z - User=697f6afa1a2604b77f5710e1, Search=""
2026-02-01T15:54:22.352Z - Fetching Recent Conversations...
2026-02-01T15:54:22.398Z - Found 3 conversations
2026-02-01T15:54:28.430Z - User=697f6afa1a2604b77f5710e1, Search=""
2026-02-01T15:54:28.432Z - Fetching Recent Conversations...
2026-02-01T15:54:28.476Z - Found 3 conversations
2026-02-01T15:54:28.590Z - User=697f6afa1a2604b77f5710e1, Search=""
2026-02-01T15:54:28.591Z - Fetching Recent Conversations...
2026-02-01T15:54:28.636Z - Found 3 conversations
2026-02-01T15:54:30.458Z - User=697f6afa1a2604b77f5710e1, Search=""
2026-02-01T15:54:30.459Z - Fetching Recent Conversations...
2026-02-01T15:54:30.508Z - Found 3 conversations
2026-02-01T15:54:30.608Z - User=697f6afa1a2604b77f5710e1, Search=""
2026-02-01T15:54:30.609Z - Fetching Recent Conversations...
2026-02-01T15:54:30.652Z - Found 3 conversations
2026-02-01T15:54:32.916Z - User=697f6afa1a2604b77f5710e1, Search="Ch"
2026-02-01T15:54:32.917Z - Executing Search...
2026-02-01T15:54:32.960Z - Found 0 users matching search
2026-02-01T15:54:36.154Z - User=697f6afa1a2604b77f5710e1, Search="An"
2026-02-01T15:54:36.154Z - Executing Search...
2026-02-01T15:54:36.197Z - Found 3 users matching search
2026-02-01T17:04:25.927Z - User=697f6afa1a2604b77f5710e1, Search=""
2026-02-01T17:04:26.109Z - Fetching Recent Conversations...
2026-02-01T17:04:26.157Z - Found 3 conversations
2026-02-01T17:04:26.270Z - User=697f6afa1a2604b77f5710e1, Search=""
2026-02-01T17:04:26.271Z - Fetching Recent Conversations...
2026-02-01T17:04:26.312Z - Found 3 conversations
2026-02-01T17:04:27.115Z - User=697f699c641fcad1c8eaa841, Search=""
2026-02-01T17:04:27.116Z - Fetching Recent Conversations...
2026-02-01T17:04:27.177Z - Found 2 conversations
2026-02-01T17:04:27.292Z - User=697f699c641fcad1c8eaa841, Search=""
2026-02-01T17:04:27.293Z - Fetching Recent Conversations...
2026-02-01T17:04:27.344Z - Found 2 conversations
2026-02-01T17:05:08.643Z - User=697f6aa05cca8a75e62a85bf, Search=""
2026-02-01T17:05:08.645Z - Fetching Recent Conversations...
2026-02-01T17:05:08.691Z - Found 2 conversations
2026-02-01T17:05:08.929Z - User=697f6aa05cca8a75e62a85bf, Search=""
2026-02-01T17:05:08.929Z - Fetching Recent Conversations...
2026-02-01T17:05:08.970Z - Found 2 conversations
2026-02-01T17:10:40.226Z - User=697f6afa1a2604b77f5710e1, Search=""
2026-02-01T17:10:40.249Z - Fetching Recent Conversations...
2026-02-01T17:10:40.294Z - Found 3 conversations
2026-02-01T17:10:40.397Z - User=697f6afa1a2604b77f5710e1, Search=""
2026-02-01T17:10:40.398Z - Fetching Recent Conversations...
2026-02-01T17:10:40.438Z - Found 3 conversations
2026-02-01T17:10:41.097Z - User=697f6aa05cca8a75e62a85bf, Search=""
2026-02-01T17:10:41.098Z - Fetching Recent Conversations...
2026-02-01T17:10:41.139Z - Found 2 conversations
2026-02-01T17:10:41.227Z - User=697f6aa05cca8a75e62a85bf, Search=""
2026-02-01T17:10:41.227Z - Fetching Recent Conversations...
2026-02-01T17:10:41.267Z - Found 2 conversations
2026-02-01T17:10:41.424Z - User=697f699c641fcad1c8eaa841, Search=""
2026-02-01T17:10:41.425Z - Fetching Recent Conversations...
2026-02-01T17:10:41.465Z - Found 2 conversations
2026-02-01T17:10:41.548Z - User=697f699c641fcad1c8eaa841, Search=""
2026-02-01T17:10:41.549Z - Fetching Recent Conversations...
2026-02-01T17:10:41.589Z - Found 2 conversations
2026-02-01T17:11:11.042Z - User=697f6aa05cca8a75e62a85bf, Search=""
2026-02-01T17:11:11.043Z - Fetching Recent Conversations...
2026-02-01T17:11:11.085Z - Found 2 conversations
2026-02-01T17:11:11.172Z - User=697f6aa05cca8a75e62a85bf, Search=""
2026-02-01T17:11:11.173Z - Fetching Recent Conversations...
2026-02-01T17:11:11.215Z - Found 2 conversations
2026-02-01T17:11:11.357Z - User=697f699c641fcad1c8eaa841, Search=""
2026-02-01T17:11:11.358Z - Fetching Recent Conversations...
2026-02-01T17:11:11.399Z - Found 2 conversations
2026-02-01T17:11:11.484Z - User=697f699c641fcad1c8eaa841, Search=""
2026-02-01T17:11:11.484Z - Fetching Recent Conversations...
2026-02-01T17:11:11.516Z - User=697f6afa1a2604b77f5710e1, Search=""
2026-02-01T17:11:11.517Z - Fetching Recent Conversations...
2026-02-01T17:11:11.521Z - Found 2 conversations
2026-02-01T17:11:11.559Z - Found 3 conversations
2026-02-01T17:11:11.652Z - User=697f6afa1a2604b77f5710e1, Search=""
2026-02-01T17:11:11.653Z - Fetching Recent Conversations...
2026-02-01T17:11:11.697Z - Found 3 conversations
2026-02-01T17:11:39.932Z - User=697f6aa05cca8a75e62a85bf, Search=""
2026-02-01T17:11:39.933Z - Fetching Recent Conversations...
2026-02-01T17:11:39.979Z - Found 2 conversations
2026-02-01T17:11:40.443Z - User=697f6aa05cca8a75e62a85bf, Search=""
2026-02-01T17:11:40.444Z - Fetching Recent Conversations...
2026-02-01T17:11:40.488Z - Found 2 conversations
2026-02-01T17:12:31.401Z - User=697f6afa1a2604b77f5710e1, Search=""
2026-02-01T17:12:31.491Z - Fetching Recent Conversations...
2026-02-01T17:12:31.541Z - Found 3 conversations
2026-02-01T17:12:31.652Z - User=697f6afa1a2604b77f5710e1, Search=""
2026-02-01T17:12:31.654Z - Fetching Recent Conversations...
2026-02-01T17:12:31.700Z - Found 3 conversations
2026-02-01T17:12:32.038Z - User=697f6aa05cca8a75e62a85bf, Search=""
2026-02-01T17:12:32.039Z - Fetching Recent Conversations...
2026-02-01T17:12:32.085Z - Found 2 conversations
2026-02-01T17:12:32.224Z - User=697f6aa05cca8a75e62a85bf, Search=""
2026-02-01T17:12:32.225Z - Fetching Recent Conversations...
2026-02-01T17:12:32.274Z - Found 2 conversations
2026-02-01T17:12:33.237Z - User=697f699c641fcad1c8eaa841, Search=""
2026-02-01T17:12:33.238Z - Fetching Recent Conversations...
2026-02-01T17:12:33.282Z - Found 2 conversations
2026-02-01T17:12:33.373Z - User=697f699c641fcad1c8eaa841, Search=""
2026-02-01T17:12:33.373Z - Fetching Recent Conversations...
2026-02-01T17:12:33.416Z - Found 2 conversations
2026-02-01T17:12:45.504Z - User=697f6afa1a2604b77f5710e1, Search=""
2026-02-01T17:12:45.524Z - Fetching Recent Conversations...
2026-02-01T17:12:45.567Z - Found 3 conversations
2026-02-01T17:12:45.668Z - User=697f6afa1a2604b77f5710e1, Search=""
2026-02-01T17:12:45.668Z - Fetching Recent Conversations...
2026-02-01T17:12:45.710Z - Found 3 conversations
2026-02-01T17:14:09.378Z - User=697f6afa1a2604b77f5710e1, Search=""
2026-02-01T17:14:09.857Z - Fetching Recent Conversations...
2026-02-01T17:14:09.904Z - Found 3 conversations
2026-02-01T17:14:10.020Z - User=697f6afa1a2604b77f5710e1, Search=""
2026-02-01T17:14:10.021Z - Fetching Recent Conversations...
2026-02-01T17:14:10.061Z - Found 3 conversations
2026-02-01T17:15:30.739Z - User=697f6afa1a2604b77f5710e1, Search=""
2026-02-01T17:15:30.739Z - Fetching Recent Conversations...
2026-02-01T17:15:30.782Z - Found 3 conversations
2026-02-01T17:15:30.910Z - User=697f6afa1a2604b77f5710e1, Search=""
2026-02-01T17:15:30.911Z - Fetching Recent Conversations...
2026-02-01T17:15:30.955Z - Found 3 conversations
2026-02-01T17:15:31.509Z - User=697f699c641fcad1c8eaa841, Search=""
2026-02-01T17:15:31.510Z - Fetching Recent Conversations...
2026-02-01T17:15:31.552Z - Found 2 conversations
2026-02-01T17:15:31.646Z - User=697f699c641fcad1c8eaa841, Search=""
2026-02-01T17:15:31.647Z - Fetching Recent Conversations...
2026-02-01T17:15:31.690Z - Found 2 conversations
2026-02-01T17:21:11.962Z - User=697f6aa05cca8a75e62a85bf, Search=""
2026-02-01T17:21:12.046Z - Fetching Recent Conversations...
2026-02-01T17:21:12.151Z - Found 2 conversations
2026-02-01T17:21:12.269Z - User=697f6aa05cca8a75e62a85bf, Search=""
2026-02-01T17:21:12.270Z - Fetching Recent Conversations...
2026-02-01T17:21:12.314Z - Found 2 conversations
2026-02-01T17:22:16.558Z - User=697f6afa1a2604b77f5710e1, Search=""
2026-02-01T17:22:16.559Z - Fetching Recent Conversations...
2026-02-01T17:22:16.599Z - Found 3 conversations
2026-02-01T17:22:16.695Z - User=697f6afa1a2604b77f5710e1, Search=""
2026-02-01T17:22:16.695Z - Fetching Recent Conversations...
2026-02-01T17:22:16.732Z - Found 3 conversations
2026-02-01T17:22:22.447Z - User=697f6afa1a2604b77f5710e1, Search=""
2026-02-01T17:22:22.448Z - Fetching Recent Conversations...
2026-02-01T17:22:22.492Z - Found 3 conversations
2026-02-01T17:22:22.598Z - User=697f6afa1a2604b77f5710e1, Search=""
2026-02-01T17:22:22.599Z - Fetching Recent Conversations...
2026-02-01T17:22:22.646Z - Found 3 conversations
2026-02-01T17:24:14.189Z - User=697f6afa1a2604b77f5710e1, Search=""
2026-02-01T17:24:14.327Z - Fetching Recent Conversations...
2026-02-01T17:24:14.370Z - Found 3 conversations
2026-02-01T17:24:14.460Z - User=697f6afa1a2604b77f5710e1, Search=""
2026-02-01T17:24:14.461Z - Fetching Recent Conversations...
2026-02-01T17:24:14.500Z - Found 3 conversations
2026-02-01T17:24:21.240Z - User=697f6afa1a2604b77f5710e1, Search=""
2026-02-01T17:24:21.241Z - Fetching Recent Conversations...
2026-02-01T17:24:21.281Z - Found 3 conversations
2026-02-01T17:24:21.383Z - User=697f6afa1a2604b77f5710e1, Search=""
2026-02-01T17:24:21.384Z - Fetching Recent Conversations...
2026-02-01T17:24:21.428Z - Found 3 conversations
2026-02-01T17:27:09.599Z - User=697f6afa1a2604b77f5710e1, Search=""
2026-02-01T17:27:09.906Z - Fetching Recent Conversations...
2026-02-01T17:27:09.948Z - Found 3 conversations
2026-02-01T17:27:10.097Z - User=697f6afa1a2604b77f5710e1, Search=""
2026-02-01T17:27:10.097Z - Fetching Recent Conversations...
2026-02-01T17:27:10.137Z - Found 3 conversations
2026-02-01T17:39:20.202Z - User=697f6aa05cca8a75e62a85bf, Search=""
2026-02-01T17:39:20.209Z - Fetching Recent Conversations...
2026-02-01T17:39:20.298Z - Found 2 conversations
2026-02-01T17:39:20.439Z - User=697f6aa05cca8a75e62a85bf, Search=""
2026-02-01T17:39:20.440Z - Fetching Recent Conversations...
2026-02-01T17:39:20.497Z - Found 2 conversations
2026-02-01T17:39:44.385Z - User=697f6afa1a2604b77f5710e1, Search="Jop"
2026-02-01T17:39:44.387Z - Executing Search...
2026-02-01T17:39:44.435Z - Found 1 users matching search
2026-02-01T17:39:49.317Z - User=697f6afa1a2604b77f5710e1, Search="Ann"
2026-02-01T17:39:49.318Z - Executing Search...
2026-02-01T17:39:49.368Z - Found 2 users matching search
2026-02-01T17:40:17.625Z - User=697f6afa1a2604b77f5710e1, Search="Manu"
2026-02-01T17:40:17.626Z - Executing Search...
2026-02-01T17:40:17.666Z - Found 1 users matching search
2026-02-01T17:40:24.614Z - User=697f6afa1a2604b77f5710e1, Search=""
2026-02-01T17:40:24.615Z - Fetching Recent Conversations...
2026-02-01T17:40:24.655Z - Found 3 conversations
2026-02-01T17:40:24.752Z - User=697f6afa1a2604b77f5710e1, Search=""
2026-02-01T17:40:24.752Z - Fetching Recent Conversations...
2026-02-01T17:40:24.791Z - Found 3 conversations
2026-02-01T17:40:29.287Z - User=697f6afa1a2604b77f5710e1, Search="Manu"
2026-02-01T17:40:29.287Z - Executing Search...
2026-02-01T17:40:29.329Z - Found 1 users matching search
2026-02-01T17:40:37.380Z - User=697f6aa05cca8a75e62a85bf, Search=""
2026-02-01T17:40:37.380Z - Fetching Recent Conversations...
2026-02-01T17:40:37.424Z - Found 3 conversations
2026-02-01T17:40:37.522Z - User=697f6aa05cca8a75e62a85bf, Search=""
2026-02-01T17:40:37.523Z - Fetching Recent Conversations...
2026-02-01T17:40:37.569Z - Found 3 conversations
2026-02-01T17:44:53.588Z - User=697f6afa1a2604b77f5710e1, Search=""
2026-02-01T17:44:53.589Z - Fetching Recent Conversations...
2026-02-01T17:44:53.633Z - Found 4 conversations
2026-02-01T17:44:53.761Z - User=697f6afa1a2604b77f5710e1, Search=""
2026-02-01T17:44:53.762Z - Fetching Recent Conversations...
2026-02-01T17:44:53.804Z - Found 4 conversations
2026-02-01T17:45:00.441Z - User=697f6afa1a2604b77f5710e1, Search=""
2026-02-01T17:45:00.442Z - Fetching Recent Conversations...
2026-02-01T17:45:00.483Z - Found 4 conversations
2026-02-01T17:45:00.607Z - User=697f6afa1a2604b77f5710e1, Search=""
2026-02-01T17:45:00.607Z - Fetching Recent Conversations...
2026-02-01T17:45:00.648Z - Found 4 conversations
2026-02-01T17:45:03.877Z - User=697f6afa1a2604b77f5710e1, Search=""
2026-02-01T17:45:03.878Z - Fetching Recent Conversations...
2026-02-01T17:45:03.922Z - Found 4 conversations
2026-02-01T17:45:04.045Z - User=697f6afa1a2604b77f5710e1, Search=""
2026-02-01T17:45:04.046Z - Fetching Recent Conversations...
2026-02-01T17:45:04.093Z - Found 4 conversations
2026-02-01T17:48:37.956Z - User=697f6afa1a2604b77f5710e1, Search=""
2026-02-01T17:48:37.969Z - Fetching Recent Conversations...
2026-02-01T17:48:38.017Z - Found 4 conversations
2026-02-01T17:48:38.176Z - User=697f6afa1a2604b77f5710e1, Search=""
2026-02-01T17:48:38.176Z - Fetching Recent Conversations...
2026-02-01T17:48:38.219Z - Found 4 conversations
2026-02-01T17:48:38.404Z - User=697f6aa05cca8a75e62a85bf, Search=""
2026-02-01T17:48:38.404Z - Fetching Recent Conversations...
2026-02-01T17:48:38.449Z - Found 3 conversations
2026-02-01T17:48:38.558Z - User=697f6aa05cca8a75e62a85bf, Search=""
2026-02-01T17:48:38.559Z - Fetching Recent Conversations...
2026-02-01T17:48:38.601Z - Found 3 conversations
2026-02-01T17:48:43.654Z - User=697f6aa05cca8a75e62a85bf, Search=""
2026-02-01T17:48:43.655Z - Fetching Recent Conversations...
2026-02-01T17:48:43.700Z - Found 3 conversations
2026-02-01T17:48:43.812Z - User=697f6aa05cca8a75e62a85bf, Search=""
2026-02-01T17:48:43.813Z - Fetching Recent Conversations...
2026-02-01T17:48:43.854Z - Found 3 conversations
